22:09:02 **** Incremental Build of configuration Debug for project YDLIDAR ****
make -j12 all 
arm-none-eabi-gcc "../Core/Src/main.c" -mcpu=cortex-m4 -std=gnu11 -g3 -DDEBUG -DUSE_HAL_DRIVER -DSTM32F410Rx -c -I../Core/Inc -I../Drivers/STM32F4xx_HAL_Driver/Inc -I../Drivers/STM32F4xx_HAL_Driver/Inc/Legacy -I../Drivers/CMSIS/Device/ST/STM32F4xx/Include -I../Drivers/CMSIS/Include -I"D:/ENSEA/Coursenensea/annee3/ESE/Systemes_a_microcontroleurs/TP/Projet_robot_chat/YDLIDAR/Core/Driver/Ydliar" -O0 -ffunction-sections -fdata-sections -Wall -fstack-usage -fcyclomatic-complexity -MMD -MP -MF"Core/Src/main.d" -MT"Core/Src/main.o" --specs=nano.specs -mfpu=fpv4-sp-d16 -mfloat-abi=hard -mthumb -o "Core/Src/main.o"
arm-none-eabi-gcc -o "YDLIDAR.elf" @"objects.list"   -mcpu=cortex-m4 -T"D:\ENSEA\Coursenensea\annee3\ESE\Systemes_a_microcontroleurs\TP\Projet_robot_chat\YDLIDAR\STM32F410RBTX_FLASH.ld" --specs=nosys.specs -Wl,-Map="YDLIDAR.map" -Wl,--gc-sections -static -u printf_float --specs=nano.specs -mfpu=fpv4-sp-d16 -mfloat-abi=hard -mthumb -Wl,--start-group -lc -lm -Wl,--end-group
Finished building target: YDLIDAR.elf
 
arm-none-eabi-size   YDLIDAR.elf 
arm-none-eabi-objdump -h -S  YDLIDAR.elf  > "YDLIDAR.list"
   text	   data	    bss	    dec	    hex	filename
  24980	    112	   8192	  33284	   8204	YDLIDAR.elf
Finished building: default.size.stdout
 
Finished building: YDLIDAR.list
 
22:09:45 **** Incremental Build of configuration Debug for project YDLIDAR ****
make -j12 all 
arm-none-eabi-gcc -o "YDLIDAR.elf" @"objects.list"   -mcpu=cortex-m4 -T"D:\ENSEA\Coursenensea\annee3\ESE\Systemes_a_microcontroleurs\TP\Projet_robot_chat\YDLIDAR\STM32F410RBTX_FLASH.ld" --specs=nosys.specs -Wl,-Map="YDLIDAR.map" -Wl,--gc-sections -static -u _printf_float --specs=nano.specs -mfpu=fpv4-sp-d16 -mfloat-abi=hard -mthumb -Wl,--start-group -lc -lm -Wl,--end-group
Finished building target: YDLIDAR.elf
 
arm-none-eabi-size   YDLIDAR.elf 
arm-none-eabi-objdump -h -S  YDLIDAR.elf  > "YDLIDAR.list"
   text	   data	    bss	    dec	    hex	filename
  32988	    476	   8188	  41652	   a2b4	YDLIDAR.elf
Finished building: default.size.stdout
 
Finished building: YDLIDAR.list
 
22:15:46 **** Incremental Build of configuration Debug for project YDLIDAR ****
make -j12 all 
arm-none-eabi-gcc "../Core/Driver/Ydliar/Ydlidar.c" -mcpu=cortex-m4 -std=gnu11 -g3 -DDEBUG -DUSE_HAL_DRIVER -DSTM32F410Rx -c -I../Core/Inc -I../Drivers/STM32F4xx_HAL_Driver/Inc -I../Drivers/STM32F4xx_HAL_Driver/Inc/Legacy -I../Drivers/CMSIS/Device/ST/STM32F4xx/Include -I../Drivers/CMSIS/Include -I"D:/ENSEA/Coursenensea/annee3/ESE/Systemes_a_microcontroleurs/TP/Projet_robot_chat/YDLIDAR/Core/Driver/Ydliar" -O0 -ffunction-sections -fdata-sections -Wall -fstack-usage -fcyclomatic-complexity -MMD -MP -MF"Core/Driver/Ydliar/Ydlidar.d" -MT"Core/Driver/Ydliar/Ydlidar.o" --specs=nano.specs -mfpu=fpv4-sp-d16 -mfloat-abi=hard -mthumb -o "Core/Driver/Ydliar/Ydlidar.o"
arm-none-eabi-gcc -o "YDLIDAR.elf" @"objects.list"   -mcpu=cortex-m4 -T"D:\ENSEA\Coursenensea\annee3\ESE\Systemes_a_microcontroleurs\TP\Projet_robot_chat\YDLIDAR\STM32F410RBTX_FLASH.ld" --specs=nosys.specs -Wl,-Map="YDLIDAR.map" -Wl,--gc-sections -static -u _printf_float --specs=nano.specs -mfpu=fpv4-sp-d16 -mfloat-abi=hard -mthumb -Wl,--start-group -lc -lm -Wl,--end-group
Finished building target: YDLIDAR.elf
 
arm-none-eabi-size   YDLIDAR.elf 
arm-none-eabi-objdump -h -S  YDLIDAR.elf  > "YDLIDAR.list"
   text	   data	    bss	    dec	    hex	filename
  32884	    476	   8188	  41548	   a24c	YDLIDAR.elf
Finished building: default.size.stdout
 
Finished building: YDLIDAR.list
 
22:17:37 **** Incremental Build of configuration Debug for project YDLIDAR ****
make -j12 all 
arm-none-eabi-gcc "../Core/Driver/Ydliar/Ydlidar.c" -mcpu=cortex-m4 -std=gnu11 -g3 -DDEBUG -DUSE_HAL_DRIVER -DSTM32F410Rx -c -I../Core/Inc -I../Drivers/STM32F4xx_HAL_Driver/Inc -I../Drivers/STM32F4xx_HAL_Driver/Inc/Legacy -I../Drivers/CMSIS/Device/ST/STM32F4xx/Include -I../Drivers/CMSIS/Include -I"D:/ENSEA/Coursenensea/annee3/ESE/Systemes_a_microcontroleurs/TP/Projet_robot_chat/YDLIDAR/Core/Driver/Ydliar" -O0 -ffunction-sections -fdata-sections -Wall -fstack-usage -fcyclomatic-complexity -MMD -MP -MF"Core/Driver/Ydliar/Ydlidar.d" -MT"Core/Driver/Ydliar/Ydlidar.o" --specs=nano.specs -mfpu=fpv4-sp-d16 -mfloat-abi=hard -mthumb -o "Core/Driver/Ydliar/Ydlidar.o"
arm-none-eabi-gcc -o "YDLIDAR.elf" @"objects.list"   -mcpu=cortex-m4 -T"D:\ENSEA\Coursenensea\annee3\ESE\Systemes_a_microcontroleurs\TP\Projet_robot_chat\YDLIDAR\STM32F410RBTX_FLASH.ld" --specs=nosys.specs -Wl,-Map="YDLIDAR.map" -Wl,--gc-sections -static -u _printf_float --specs=nano.specs -mfpu=fpv4-sp-d16 -mfloat-abi=hard -mthumb -Wl,--start-group -lc -lm -Wl,--end-group
Finished building target: YDLIDAR.elf
 
arm-none-eabi-size   YDLIDAR.elf 
arm-none-eabi-objdump -h -S  YDLIDAR.elf  > "YDLIDAR.list"
   text	   data	    bss	    dec	    hex	filename
  32884	    476	   8188	  41548	   a24c	YDLIDAR.elf
Finished building: default.size.stdout
 
Finished building: YDLIDAR.list
 
22:18:22 **** Incremental Build of configuration Debug for project YDLIDAR ****
make -j12 all 
arm-none-eabi-gcc "../Core/Src/main.c" -mcpu=cortex-m4 -std=gnu11 -g3 -DDEBUG -DUSE_HAL_DRIVER -DSTM32F410Rx -c -I../Core/Inc -I../Drivers/STM32F4xx_HAL_Driver/Inc -I../Drivers/STM32F4xx_HAL_Driver/Inc/Legacy -I../Drivers/CMSIS/Device/ST/STM32F4xx/Include -I../Drivers/CMSIS/Include -I"D:/ENSEA/Coursenensea/annee3/ESE/Systemes_a_microcontroleurs/TP/Projet_robot_chat/YDLIDAR/Core/Driver/Ydliar" -O0 -ffunction-sections -fdata-sections -Wall -fstack-usage -fcyclomatic-complexity -MMD -MP -MF"Core/Src/main.d" -MT"Core/Src/main.o" --specs=nano.specs -mfpu=fpv4-sp-d16 -mfloat-abi=hard -mthumb -o "Core/Src/main.o"
arm-none-eabi-gcc "../Core/Driver/Ydliar/Ydlidar.c" -mcpu=cortex-m4 -std=gnu11 -g3 -DDEBUG -DUSE_HAL_DRIVER -DSTM32F410Rx -c -I../Core/Inc -I../Drivers/STM32F4xx_HAL_Driver/Inc -I../Drivers/STM32F4xx_HAL_Driver/Inc/Legacy -I../Drivers/CMSIS/Device/ST/STM32F4xx/Include -I../Drivers/CMSIS/Include -I"D:/ENSEA/Coursenensea/annee3/ESE/Systemes_a_microcontroleurs/TP/Projet_robot_chat/YDLIDAR/Core/Driver/Ydliar" -O0 -ffunction-sections -fdata-sections -Wall -fstack-usage -fcyclomatic-complexity -MMD -MP -MF"Core/Driver/Ydliar/Ydlidar.d" -MT"Core/Driver/Ydliar/Ydlidar.o" --specs=nano.specs -mfpu=fpv4-sp-d16 -mfloat-abi=hard -mthumb -o "Core/Driver/Ydliar/Ydlidar.o"
../Core/Src/main.c: In function 'main':
../Core/Src/main.c:113:12: warning: unused variable 'distance' [-Wunused-variable]
  113 |     double distance = 3.444;
      |            ^~~~~~~~
arm-none-eabi-gcc -o "YDLIDAR.elf" @"objects.list"   -mcpu=cortex-m4 -T"D:\ENSEA\Coursenensea\annee3\ESE\Systemes_a_microcontroleurs\TP\Projet_robot_chat\YDLIDAR\STM32F410RBTX_FLASH.ld" --specs=nosys.specs -Wl,-Map="YDLIDAR.map" -Wl,--gc-sections -static -u _printf_float --specs=nano.specs -mfpu=fpv4-sp-d16 -mfloat-abi=hard -mthumb -Wl,--start-group -lc -lm -Wl,--end-group
Finished building target: YDLIDAR.elf
 
arm-none-eabi-size   YDLIDAR.elf 
arm-none-eabi-objdump -h -S  YDLIDAR.elf  > "YDLIDAR.list"
   text	   data	    bss	    dec	    hex	filename
  32852	    476	   8188	  41516	   a22c	YDLIDAR.elf
Finished building: default.size.stdout
 
Finished building: YDLIDAR.list
 
22:19:02 **** Incremental Build of configuration Debug for project YDLIDAR ****
make -j12 all 
arm-none-eabi-size   YDLIDAR.elf 
   text	   data	    bss	    dec	    hex	filename
  32852	    476	   8188	  41516	   a22c	YDLIDAR.elf
Finished building: default.size.stdout
 
22:20:06 **** Incremental Build of configuration Debug for project YDLIDAR ****
make -j12 all 
arm-none-eabi-gcc "../Core/Driver/Ydliar/Ydlidar.c" -mcpu=cortex-m4 -std=gnu11 -g3 -DDEBUG -DUSE_HAL_DRIVER -DSTM32F410Rx -c -I../Core/Inc -I../Drivers/STM32F4xx_HAL_Driver/Inc -I../Drivers/STM32F4xx_HAL_Driver/Inc/Legacy -I../Drivers/CMSIS/Device/ST/STM32F4xx/Include -I../Drivers/CMSIS/Include -I"D:/ENSEA/Coursenensea/annee3/ESE/Systemes_a_microcontroleurs/TP/Projet_robot_chat/YDLIDAR/Core/Driver/Ydliar" -O0 -ffunction-sections -fdata-sections -Wall -fstack-usage -fcyclomatic-complexity -MMD -MP -MF"Core/Driver/Ydliar/Ydlidar.d" -MT"Core/Driver/Ydliar/Ydlidar.o" --specs=nano.specs -mfpu=fpv4-sp-d16 -mfloat-abi=hard -mthumb -o "Core/Driver/Ydliar/Ydlidar.o"
arm-none-eabi-gcc -o "YDLIDAR.elf" @"objects.list"   -mcpu=cortex-m4 -T"D:\ENSEA\Coursenensea\annee3\ESE\Systemes_a_microcontroleurs\TP\Projet_robot_chat\YDLIDAR\STM32F410RBTX_FLASH.ld" --specs=nosys.specs -Wl,-Map="YDLIDAR.map" -Wl,--gc-sections -static -u _printf_float --specs=nano.specs -mfpu=fpv4-sp-d16 -mfloat-abi=hard -mthumb -Wl,--start-group -lc -lm -Wl,--end-group
Finished building target: YDLIDAR.elf
 
arm-none-eabi-size   YDLIDAR.elf 
arm-none-eabi-objdump -h -S  YDLIDAR.elf  > "YDLIDAR.list"
   text	   data	    bss	    dec	    hex	filename
  33844	    476	   8188	  42508	   a60c	YDLIDAR.elf
Finished building: default.size.stdout
 
Finished building: YDLIDAR.list
 
22:22:53 **** Incremental Build of configuration Debug for project YDLIDAR ****
make -j12 all 
arm-none-eabi-gcc "../Core/Driver/Ydliar/Ydlidar.c" -mcpu=cortex-m4 -std=gnu11 -g3 -DDEBUG -DUSE_HAL_DRIVER -DSTM32F410Rx -c -I../Core/Inc -I../Drivers/STM32F4xx_HAL_Driver/Inc -I../Drivers/STM32F4xx_HAL_Driver/Inc/Legacy -I../Drivers/CMSIS/Device/ST/STM32F4xx/Include -I../Drivers/CMSIS/Include -I"D:/ENSEA/Coursenensea/annee3/ESE/Systemes_a_microcontroleurs/TP/Projet_robot_chat/YDLIDAR/Core/Driver/Ydliar" -O0 -ffunction-sections -fdata-sections -Wall -fstack-usage -fcyclomatic-complexity -MMD -MP -MF"Core/Driver/Ydliar/Ydlidar.d" -MT"Core/Driver/Ydliar/Ydlidar.o" --specs=nano.specs -mfpu=fpv4-sp-d16 -mfloat-abi=hard -mthumb -o "Core/Driver/Ydliar/Ydlidar.o"
arm-none-eabi-gcc -o "YDLIDAR.elf" @"objects.list"   -mcpu=cortex-m4 -T"D:\ENSEA\Coursenensea\annee3\ESE\Systemes_a_microcontroleurs\TP\Projet_robot_chat\YDLIDAR\STM32F410RBTX_FLASH.ld" --specs=nosys.specs -Wl,-Map="YDLIDAR.map" -Wl,--gc-sections -static -u _printf_float --specs=nano.specs -mfpu=fpv4-sp-d16 -mfloat-abi=hard -mthumb -Wl,--start-group -lc -lm -Wl,--end-group
Finished building target: YDLIDAR.elf
 
arm-none-eabi-size   YDLIDAR.elf 
arm-none-eabi-objdump -h -S  YDLIDAR.elf  > "YDLIDAR.list"
   text	   data	    bss	    dec	    hex	filename
  32900	    476	   8188	  41564	   a25c	YDLIDAR.elf
Finished building: default.size.stdout
 
Finished building: YDLIDAR.list
 
